<?xml version="1.0" encoding="UTF-8"?>
<!-- Generated by org.testng.reporters.JUnitReportReporter -->
<testsuite hostname="sparmar-C02CCE4EMD6M" failures="0" tests="4" name="APITests" time="2.557" errors="0" timestamp="2021-11-15T18:11:18 IST" skipped="0">
  <testcase classname="APITests" name="checkPetFindByStatus" time="0.158"/>
  <system-out/>
  <testcase classname="APITests" name="createUser" time="0.369"/>
  <system-out/>
  <testcase classname="APITests" name="addPetToStore" time="2.005"/>
  <system-out/>
  <testcase classname="APITests" name="storeInventory" time="0.025"/>
  <system-out/>
</testsuite> <!-- APITests -->
